<?xml version="1.0" encoding="UTF-8"?>
<!-- Generated by org.testng.reporters.JUnitReportReporter -->
<testsuite hostname="DESKTOP-VVM8OTS" failures="0" tests="1" name="selenium4.selenium4" time="12.660" errors="0" timestamp="22 Oct 2019 12:01:57 GMT" skipped="0">
  <testcase classname="selenium4.selenium4" name="m" time="12.660"/>
</testsuite> <!-- selenium4.selenium4 -->
